2025-06-03 17:35:55.726[1928][INFO] lisa.env[generated_38].deploy deploying environment: generated_38
2025-06-03 17:35:55.736[1928][DEBUG] lisa.env[generated_38].deploy creating deployment
2025-06-03 17:35:55.897[1928][DEBUG] lisa.env[generated_38].node[0] created, type: 'RemoteNode', default: False, is_test_target: True
2025-06-03 17:35:56.092[1928][INFO] lisa.env[generated_38].deploy vm setting: AzureNodeSchema(name='lisa-baseline-golden-20250603-171526-766-e38-n0', short_name='lisa-766-e38-n0', vm_size='Standard_DS4_v2', osdisk_size_in_gb=30, maximize_capability=False, location='westus3', subscription_id='0cc2a67a-58b9-4e4f-98a8-bfa46a28e896', purchase_plan_raw='', marketplace_raw={'architecture': {'is_allow_set': True, 'items': [<ArchitectureType.x64: 'x64'>, <ArchitectureType.Arm64: 'Arm64'>]}, 'disk_controller_type': {'is_allow_set': True, 'items': [<DiskControllerType.SCSI: 'SCSI'>, <DiskControllerType.NVME: 'NVMe'>]}, 'hyperv_generation': 1, 'network_data_path': {'is_allow_set': True, 'items': [<NetworkDataPath.Synthetic: 'Synthetic'>, <NetworkDataPath.Sriov: 'Sriov'>]}, 'security_profile': {'is_allow_set': True, 'items': [<SecurityProfileType.Standard: 'none'>, <SecurityProfileType.SecureBoot: 'secureboot'>, <SecurityProfileType.CVM: 'cvm'>, <SecurityProfileType.Stateless: 'stateless'>]}, 'publisher': 'debian', 'offer': 'debian-11', 'sku': '11-backports-gen2', 'version': '0.20241202.1949'}, shared_gallery_raw='', vhd_raw={'vhd_path': '', 'vmgs_path': ''}, community_gallery_image_raw=None, hyperv_generation=2, is_linux=True, _orignal_vhd_path='')
2025-06-03 17:35:56.098[1928][DEBUG] lisa.env[generated_38].node[1] created, type: 'RemoteNode', default: False, is_test_target: True
2025-06-03 17:35:56.102[1928][INFO] lisa.env[generated_38].deploy vm setting: AzureNodeSchema(name='lisa-baseline-golden-20250603-171526-766-e38-n1', short_name='lisa-766-e38-n1', vm_size='Standard_DS4_v2', osdisk_size_in_gb=30, maximize_capability=False, location='westus3', subscription_id='0cc2a67a-58b9-4e4f-98a8-bfa46a28e896', purchase_plan_raw='', marketplace_raw={'architecture': {'is_allow_set': True, 'items': [<ArchitectureType.x64: 'x64'>, <ArchitectureType.Arm64: 'Arm64'>]}, 'disk_controller_type': {'is_allow_set': True, 'items': [<DiskControllerType.SCSI: 'SCSI'>, <DiskControllerType.NVME: 'NVMe'>]}, 'hyperv_generation': 1, 'network_data_path': {'is_allow_set': True, 'items': [<NetworkDataPath.Synthetic: 'Synthetic'>, <NetworkDataPath.Sriov: 'Sriov'>]}, 'security_profile': {'is_allow_set': True, 'items': [<SecurityProfileType.Standard: 'none'>, <SecurityProfileType.SecureBoot: 'secureboot'>, <SecurityProfileType.CVM: 'cvm'>, <SecurityProfileType.Stateless: 'stateless'>]}, 'publisher': 'debian', 'offer': 'debian-11', 'sku': '11-backports-gen2', 'version': '0.20241202.1949'}, shared_gallery_raw='', vhd_raw={'vhd_path': '', 'vmgs_path': ''}, community_gallery_image_raw=None, hyperv_generation=2, is_linux=True, _orignal_vhd_path='')
2025-06-03 17:35:56.104[1928][DEBUG] lisa.env[generated_38].node[2] created, type: 'RemoteNode', default: False, is_test_target: True
2025-06-03 17:35:56.104[1928][INFO] lisa.env[generated_38].deploy vm setting: AzureNodeSchema(name='lisa-baseline-golden-20250603-171526-766-e38-n2', short_name='lisa-766-e38-n2', vm_size='Standard_DS4_v2', osdisk_size_in_gb=30, maximize_capability=False, location='westus3', subscription_id='0cc2a67a-58b9-4e4f-98a8-bfa46a28e896', purchase_plan_raw='', marketplace_raw={'architecture': {'is_allow_set': True, 'items': [<ArchitectureType.x64: 'x64'>, <ArchitectureType.Arm64: 'Arm64'>]}, 'disk_controller_type': {'is_allow_set': True, 'items': [<DiskControllerType.SCSI: 'SCSI'>, <DiskControllerType.NVME: 'NVMe'>]}, 'hyperv_generation': 1, 'network_data_path': {'is_allow_set': True, 'items': [<NetworkDataPath.Synthetic: 'Synthetic'>, <NetworkDataPath.Sriov: 'Sriov'>]}, 'security_profile': {'is_allow_set': True, 'items': [<SecurityProfileType.Standard: 'none'>, <SecurityProfileType.SecureBoot: 'secureboot'>, <SecurityProfileType.CVM: 'cvm'>, <SecurityProfileType.Stateless: 'stateless'>]}, 'publisher': 'debian', 'offer': 'debian-11', 'sku': '11-backports-gen2', 'version': '0.20241202.1949'}, shared_gallery_raw='', vhd_raw={'vhd_path': '', 'vmgs_path': ''}, community_gallery_image_raw=None, hyperv_generation=2, is_linux=True, _orignal_vhd_path='')
2025-06-03 17:35:56.261[1928][DEBUG] lisa.env[generated_38].deploy parameters: {'vhd_storage_name': {'value': 'lisatwestus36a28e896'}, 'location': {'value': 'westus3'}, 'admin_username': {'value': 'l****t'}, 'admin_password': {'value': ''}, 'admin_key_data': {'value': 'ssh-rsa <REDACTED_SSH_RSA_KEY>'}, 'subnet_count': {'value': 3}, 'availability_options': {'value': {'availability_type': 'availability_set', 'availability_set_tags': {'TipNode.SessionId': ''}, 'availability_set_properties': {'platformFaultDomainCount': 1, 'platformUpdateDomainCount': 1, 'internalData': {'pinnedFabricCluster': ''}}, 'availability_zones': []}}, 'shared_resource_group_name': {'value': 'lisa_shared_resource'}, 'nodes': {'value': [{'name': 'lisa-baseline-golden-20250603-171526-766-e38-n0', 'short_name': 'lisa-766-e38-n0', 'vm_size': 'Standard_DS4_v2', 'osdisk_size_in_gb': 30, 'maximize_capability': False, 'location': 'westus3', 'subscription_id': '0cc2a67a-58b9-4e4f-98a8-bfa46a28e896', 'purchase_plan': '', 'marketplace': {'architecture': {'is_allow_set': True, 'items': [<ArchitectureType.x64: 'x64'>, <ArchitectureType.Arm64: 'Arm64'>]}, 'disk_controller_type': {'is_allow_set': True, 'items': [<DiskControllerType.SCSI: 'SCSI'>, <DiskControllerType.NVME: 'NVMe'>]}, 'hyperv_generation': 1, 'network_data_path': {'is_allow_set': True, 'items': [<NetworkDataPath.Synthetic: 'Synthetic'>, <NetworkDataPath.Sriov: 'Sriov'>]}, 'security_profile': {'is_allow_set': True, 'items': [<SecurityProfileType.Standard: 'none'>, <SecurityProfileType.SecureBoot: 'secureboot'>, <SecurityProfileType.CVM: 'cvm'>, <SecurityProfileType.Stateless: 'stateless'>]}, 'publisher': 'debian', 'offer': 'debian-11', 'sku': '11-backports-gen2', 'version': '0.20241202.1949'}, 'shared_gallery': '', 'vhd': {'vhd_path': '', 'vmgs_path': ''}, 'community_gallery_image': None, 'hyperv_generation': 2, 'is_linux': True, '_orignal_vhd_path': '', 'nic_count': 3, 'enable_sriov': True, 'os_disk_type': 'Standard_LRS', 'data_disk_type': 'Standard_LRS', 'disk_controller_type': 'SCSI', 'ephemeral_disk_placement_type': '', 'security_profile': {}}, {'name': 'lisa-baseline-golden-20250603-171526-766-e38-n1', 'short_name': 'lisa-766-e38-n1', 'vm_size': 'Standard_DS4_v2', 'osdisk_size_in_gb': 30, 'maximize_capability': False, 'location': 'westus3', 'subscription_id': '0cc2a67a-58b9-4e4f-98a8-bfa46a28e896', 'purchase_plan': '', 'marketplace': {'architecture': {'is_allow_set': True, 'items': [<ArchitectureType.x64: 'x64'>, <ArchitectureType.Arm64: 'Arm64'>]}, 'disk_controller_type': {'is_allow_set': True, 'items': [<DiskControllerType.SCSI: 'SCSI'>, <DiskControllerType.NVME: 'NVMe'>]}, 'hyperv_generation': 1, 'network_data_path': {'is_allow_set': True, 'items': [<NetworkDataPath.Synthetic: 'Synthetic'>, <NetworkDataPath.Sriov: 'Sriov'>]}, 'security_profile': {'is_allow_set': True, 'items': [<SecurityProfileType.Standard: 'none'>, <SecurityProfileType.SecureBoot: 'secureboot'>, <SecurityProfileType.CVM: 'cvm'>, <SecurityProfileType.Stateless: 'stateless'>]}, 'publisher': 'debian', 'offer': 'debian-11', 'sku': '11-backports-gen2', 'version': '0.20241202.1949'}, 'shared_gallery': '', 'vhd': {'vhd_path': '', 'vmgs_path': ''}, 'community_gallery_image': None, 'hyperv_generation': 2, 'is_linux': True, '_orignal_vhd_path': '', 'nic_count': 3, 'enable_sriov': True, 'os_disk_type': 'Standard_LRS', 'data_disk_type': 'Standard_LRS', 'disk_controller_type': 'SCSI', 'ephemeral_disk_placement_type': '', 'security_profile': {}}, {'name': 'lisa-baseline-golden-20250603-171526-766-e38-n2', 'short_name': 'lisa-766-e38-n2', 'vm_size': 'Standard_DS4_v2', 'osdisk_size_in_gb': 30, 'maximize_capability': False, 'location': 'westus3', 'subscription_id': '0cc2a67a-58b9-4e4f-98a8-bfa46a28e896', 'purchase_plan': '', 'marketplace': {'architecture': {'is_allow_set': True, 'items': [<ArchitectureType.x64: 'x64'>, <ArchitectureType.Arm64: 'Arm64'>]}, 'disk_controller_type': {'is_allow_set': True, 'items': [<DiskControllerType.SCSI: 'SCSI'>, <DiskControllerType.NVME: 'NVMe'>]}, 'hyperv_generation': 1, 'network_data_path': {'is_allow_set': True, 'items': [<NetworkDataPath.Synthetic: 'Synthetic'>, <NetworkDataPath.Sriov: 'Sriov'>]}, 'security_profile': {'is_allow_set': True, 'items': [<SecurityProfileType.Standard: 'none'>, <SecurityProfileType.SecureBoot: 'secureboot'>, <SecurityProfileType.CVM: 'cvm'>, <SecurityProfileType.Stateless: 'stateless'>]}, 'publisher': 'debian', 'offer': 'debian-11', 'sku': '11-backports-gen2', 'version': '0.20241202.1949'}, 'shared_gallery': '', 'vhd': {'vhd_path': '', 'vmgs_path': ''}, 'community_gallery_image': None, 'hyperv_generation': 2, 'is_linux': True, '_orignal_vhd_path': '', 'nic_count': 3, 'enable_sriov': True, 'os_disk_type': 'Standard_LRS', 'data_disk_type': 'Standard_LRS', 'disk_controller_type': 'SCSI', 'ephemeral_disk_placement_type': '', 'security_profile': {}}]}, 'data_disks': {'value': []}, 'vm_tags': {'value': {'TipNode.SessionId': '', 'platformsettings.host_environment.nodefeatures.hierarchicalvirtualizationv1': False, 'RG': 'lisa-baseline-golden-20250603-171526-766-e38', 'lisa_username': 'user manager\\containeradministrator', 'lisa_hostname': 'c682eb7e4792'}}, 'tags': {'value': {}}, 'ip_service_tags': {'value': {'FirstPartyUsage': '/SyntheticLoad'}}, 'virtual_network_resource_group': {'value': ''}, 'virtual_network_name': {'value': 'lisa-virtualNetwork'}, 'subnet_prefix': {'value': 'lisa-subnet-'}, 'is_ultradisk': {'value': False}, 'use_ipv6': {'value': False}, 'enable_vm_nat': {'value': False}, 'create_public_address': {'value': True}, 'source_address_prefixes': {'value': ['52.159.208.214']}}
2025-06-03 17:35:56.270[1928][INFO] lisa.env[generated_38].deploy creating or updating resource group: [lisa-baseline-golden-20250603-171526-766-e38]
2025-06-03 17:35:56.314[1928][INFO] lisa.env[generated_38].deploy Creating Resource group: 'lisa-baseline-golden-20250603-171526-766-e38'
2025-06-03 17:35:56.845[1928][DEBUG] lisa.env[generated_38].deploy validating deployment
2025-06-03 17:35:59.530[1928][DEBUG] lisa.env[generated_38].deploy found storage account: lisaswestus36a28e896
2025-06-03 17:35:59.530[1928][INFO] lisa.env[generated_38].deploy resource group 'lisa-baseline-golden-20250603-171526-766-e38' deployment is in progress...
2025-06-03 17:57:09.873[1928][DEBUG] lisa.env[generated_38].deploy checking panic...
2025-06-03 17:57:12.574[1928][ERROR] lisa.env[generated_38] case failed
Traceback (most recent call last):
  File "C:\Python\Lib\site-packages\azure\core\polling\base_polling.py", line 788, in run
    self._poll()
  File "C:\Python\Lib\site-packages\azure\core\polling\base_polling.py", line 820, in _poll
    raise OperationFailed("Operation failed or canceled")
azure.core.polling.base_polling.OperationFailed: Operation failed or canceled

The above exception was the direct cause of the following exception:

Traceback (most recent call last):
  File "C:\app\lsg-lisa\lisa\lisa\sut_orchestrator\azure\platform_.py", line 1605, in _deploy
    wait_operation(
  File "C:\app\lsg-lisa\lisa\lisa\sut_orchestrator\azure\common.py", line 1630, in wait_operation
    wait_result = operation.wait(1)
                  ^^^^^^^^^^^^^^^^^
  File "C:\Python\Lib\site-packages\azure\core\tracing\decorator.py", line 119, in wrapper_use_tracer
    return func(*args, **kwargs)
           ^^^^^^^^^^^^^^^^^^^^^
  File "C:\Python\Lib\site-packages\azure\core\polling\_poller.py", line 273, in wait
    raise self._exception  # type: ignore
    ^^^^^^^^^^^^^^^^^^^^^
  File "C:\Python\Lib\site-packages\azure\core\polling\_poller.py", line 188, in _start
    self._polling_method.run()
  File "C:\Python\Lib\site-packages\azure\core\polling\base_polling.py", line 803, in run
    raise HttpResponseError(response=self._pipeline_response.http_response, error=err) from err
azure.core.exceptions.HttpResponseError: (DeploymentFailed) At least one resource deployment operation failed. Please list deployment operations for details. Please see https://aka.ms/arm-deployment-operations for usage details.
Code: DeploymentFailed
Message: At least one resource deployment operation failed. Please list deployment operations for details. Please see https://aka.ms/arm-deployment-operations for usage details.
Exception Details:	(Conflict) {
	  "status": "Failed",
	  "error": {
	    "code": "ResourceDeploymentFailure",
	    "message": "The resource write operation failed to complete successfully, because it reached terminal provisioning state 'Failed'.",
	    "details": [
	      {
	        "code": "OSProvisioningTimedOut",
	        "message": "OS Provisioning for VM 'lisa-baseline-golden-20250603-171526-766-e38-n0' did not finish in the allotted time. The VM may still finish provisioning successfully. Please check provisioning state later. For details on how to check current provisioning state of Windows VMs, refer to https://aka.ms/WindowsVMLifecycle and Linux VMs, refer to https://aka.ms/LinuxVMLifecycle."
	      }
	    ]
	  }
	}
	Code: Conflict
	Message: {
	  "status": "Failed",
	  "error": {
	    "code": "ResourceDeploymentFailure",
	    "message": "The resource write operation failed to complete successfully, because it reached terminal provisioning state 'Failed'.",
	    "details": [
	      {
	        "code": "OSProvisioningTimedOut",
	        "message": "OS Provisioning for VM 'lisa-baseline-golden-20250603-171526-766-e38-n0' did not finish in the allotted time. The VM may still finish provisioning successfully. Please check provisioning state later. For details on how to check current provisioning state of Windows VMs, refer to https://aka.ms/WindowsVMLifecycle and Linux VMs, refer to https://aka.ms/LinuxVMLifecycle."
	      }
	    ]
	  }
	}

During handling of the above exception, another exception occurred:

Traceback (most recent call last):
  File "C:\app\lsg-lisa\lisa\lisa\runners\lisa_runner.py", line 294, in _deploy_environment_task
    self.platform.deploy_environment(environment)
  File "C:\app\lsg-lisa\lisa\lisa\platform_.py", line 188, in deploy_environment
    raise identifier
  File "C:\app\lsg-lisa\lisa\lisa\platform_.py", line 185, in deploy_environment
    self._deploy_environment(environment, log)
  File "C:\app\lsg-lisa\lisa\lisa\sut_orchestrator\azure\platform_.py", line 641, in _deploy_environment
    raise e
  File "C:\app\lsg-lisa\lisa\lisa\sut_orchestrator\azure\platform_.py", line 636, in _deploy_environment
    self._deploy(location, deployment_parameters, log, environment)
  File "C:\app\lsg-lisa\lisa\lisa\sut_orchestrator\azure\platform_.py", line 1663, in _deploy
    raise LisaException(error_message)
lisa.util.LisaException: OSProvisioningTimedOut: KernelPanicException: provision found panic in serial log. You can check the panic details from the serial console log. Please download the test logs and retrieve the serial_log from 'environments' directory, or you can ask support. Detected Panic phrases: ['[    3.100034] Kernel panic - not syncing: Fatal exception in interrupt\r', '[    3.342728] ---[ end Kernel panic - not syncing: Fatal exception in interrupt ]---\r', '[    2.966783] RIP: 0010:hv_pkt_iter_first+0x12/0xc0 [hv_vmbus]\r', '[    3.072639] RIP: 0010:hv_pkt_iter_first+0x12/0xc0 [hv_vmbus]\r']
2025-06-03 17:57:12.582[1928][DEBUG] lisa.env[generated_38].node[0] detecting hardware_disk_controller_type ...
2025-06-03 17:57:12.587[1928][DEBUG] lisa.env[generated_38].node[0] error on collecting disk controller type: 'RemoteNode' object has no attribute 'features'
2025-06-03 17:57:12.591[1928][DEBUG] lisa.env[generated_38].node[0] detecting host_version ...
2025-06-03 17:57:12.591[1928][DEBUG] lisa.env[generated_38].node[0] detecting kernel_version ...
2025-06-03 17:57:12.598[1928][DEBUG] lisa.env[generated_38].node[0] detecting wala_version ...
2025-06-03 17:57:12.599[1928][DEBUG] lisa.env[generated_38].node[0] detecting wala_distro ...
2025-06-03 17:57:12.602[1928][DEBUG] lisa.env[generated_38].node[0] detecting hardware_platform ...
2025-06-03 17:57:12.602[1928][DEBUG] lisa.env[generated_38].node[0] detecting hardware_disk_controller_type ...
2025-06-03 17:57:12.602[1928][DEBUG] lisa.env[generated_38].node[0] error on collecting disk controller type: 'RemoteNode' object has no attribute 'features'
2025-06-03 17:57:12.602[1928][DEBUG] lisa.env[generated_38].node[0] detecting host_version ...
2025-06-03 17:57:12.618[1928][DEBUG] lisa.env[generated_38].node[0] detecting kernel_version ...
2025-06-03 17:57:12.622[1928][DEBUG] lisa.env[generated_38].node[0] detecting wala_version ...
2025-06-03 17:57:12.625[1928][DEBUG] lisa.env[generated_38].node[0] detecting wala_distro ...
2025-06-03 17:57:12.625[1928][DEBUG] lisa.env[generated_38].node[0] detecting hardware_platform ...
2025-06-03 17:57:12.625[1928][DEBUG] lisa.env[generated_38].node[0] detecting hardware_disk_controller_type ...
2025-06-03 17:57:12.636[1928][DEBUG] lisa.env[generated_38].node[0] error on collecting disk controller type: 'RemoteNode' object has no attribute 'features'
2025-06-03 17:57:12.636[1928][DEBUG] lisa.env[generated_38].node[0] detecting host_version ...
2025-06-03 17:57:12.636[1928][DEBUG] lisa.env[generated_38].node[0] detecting kernel_version ...
2025-06-03 17:57:12.636[1928][DEBUG] lisa.env[generated_38].node[0] detecting wala_version ...
2025-06-03 17:57:12.643[1928][DEBUG] lisa.env[generated_38].node[0] detecting wala_distro ...
2025-06-03 17:57:12.648[1928][DEBUG] lisa.env[generated_38].node[0] detecting hardware_platform ...
2025-06-03 17:57:12.649[1928][DEBUG] lisa.env[generated_38].node[0] detecting hardware_disk_controller_type ...
2025-06-03 17:57:12.655[1928][DEBUG] lisa.env[generated_38].node[0] error on collecting disk controller type: 'RemoteNode' object has no attribute 'features'
2025-06-03 17:57:12.659[1928][DEBUG] lisa.env[generated_38].node[0] detecting host_version ...
2025-06-03 17:57:12.671[1928][DEBUG] lisa.env[generated_38].node[0] detecting kernel_version ...
2025-06-03 17:57:12.687[1928][DEBUG] lisa.env[generated_38].node[0] detecting wala_version ...
2025-06-03 17:57:12.687[1928][DEBUG] lisa.env[generated_38].node[0] detecting wala_distro ...
2025-06-03 17:57:12.687[1928][DEBUG] lisa.env[generated_38].node[0] detecting hardware_platform ...
2025-06-03 17:57:12.687[1928][DEBUG] lisa.env[generated_38].node[0] detecting hardware_disk_controller_type ...
2025-06-03 17:57:12.687[1928][DEBUG] lisa.env[generated_38].node[0] error on collecting disk controller type: 'RemoteNode' object has no attribute 'features'
2025-06-03 17:57:12.697[1928][DEBUG] lisa.env[generated_38].node[0] detecting host_version ...
2025-06-03 17:57:12.697[1928][DEBUG] lisa.env[generated_38].node[0] detecting kernel_version ...
2025-06-03 17:57:12.697[1928][DEBUG] lisa.env[generated_38].node[0] detecting wala_version ...
2025-06-03 17:57:12.697[1928][DEBUG] lisa.env[generated_38].node[0] detecting wala_distro ...
2025-06-03 17:57:12.697[1928][DEBUG] lisa.env[generated_38].node[0] detecting hardware_platform ...
2025-06-03 17:57:12.707[1928][DEBUG] lisa.env[generated_38].node[0] detecting hardware_disk_controller_type ...
2025-06-03 17:57:12.712[1928][DEBUG] lisa.env[generated_38].node[0] error on collecting disk controller type: 'RemoteNode' object has no attribute 'features'
2025-06-03 17:57:12.712[1928][DEBUG] lisa.env[generated_38].node[0] detecting host_version ...
2025-06-03 17:57:12.719[1928][DEBUG] lisa.env[generated_38].node[0] detecting kernel_version ...
2025-06-03 17:57:12.721[1928][DEBUG] lisa.env[generated_38].node[0] detecting wala_version ...
2025-06-03 17:57:12.721[1928][DEBUG] lisa.env[generated_38].node[0] detecting wala_distro ...
2025-06-03 17:57:12.730[1928][DEBUG] lisa.env[generated_38].node[0] detecting hardware_platform ...
2025-06-03 17:57:12.734[1928][DEBUG] lisa.env[generated_38].node[0] detecting hardware_disk_controller_type ...
2025-06-03 17:57:12.734[1928][DEBUG] lisa.env[generated_38].node[0] error on collecting disk controller type: 'RemoteNode' object has no attribute 'features'
2025-06-03 17:57:12.734[1928][DEBUG] lisa.env[generated_38].node[0] detecting host_version ...
2025-06-03 17:57:12.734[1928][DEBUG] lisa.env[generated_38].node[0] detecting kernel_version ...
2025-06-03 17:57:12.734[1928][DEBUG] lisa.env[generated_38].node[0] detecting wala_version ...
2025-06-03 17:57:12.734[1928][DEBUG] lisa.env[generated_38].node[0] detecting wala_distro ...
2025-06-03 17:57:12.734[1928][DEBUG] lisa.env[generated_38].node[0] detecting hardware_platform ...
2025-06-03 17:57:12.734[1928][DEBUG] lisa.env[generated_38].node[0] detecting hardware_disk_controller_type ...
2025-06-03 17:57:12.734[1928][DEBUG] lisa.env[generated_38].node[0] error on collecting disk controller type: 'RemoteNode' object has no attribute 'features'
2025-06-03 17:57:12.742[1928][DEBUG] lisa.env[generated_38].node[0] detecting host_version ...
2025-06-03 17:57:12.742[1928][DEBUG] lisa.env[generated_38].node[0] detecting kernel_version ...
2025-06-03 17:57:12.742[1928][DEBUG] lisa.env[generated_38].node[0] detecting wala_version ...
2025-06-03 17:57:12.742[1928][DEBUG] lisa.env[generated_38].node[0] detecting wala_distro ...
2025-06-03 17:57:12.742[1928][DEBUG] lisa.env[generated_38].node[0] detecting hardware_platform ...
2025-06-03 17:57:12.742[1928][DEBUG] lisa.env[generated_38].node[0] detecting hardware_disk_controller_type ...
2025-06-03 17:57:12.742[1928][DEBUG] lisa.env[generated_38].node[0] error on collecting disk controller type: 'RemoteNode' object has no attribute 'features'
2025-06-03 17:57:12.742[1928][DEBUG] lisa.env[generated_38].node[0] detecting host_version ...
2025-06-03 17:57:12.742[1928][DEBUG] lisa.env[generated_38].node[0] detecting kernel_version ...
2025-06-03 17:57:12.742[1928][DEBUG] lisa.env[generated_38].node[0] detecting wala_version ...
2025-06-03 17:57:12.742[1928][DEBUG] lisa.env[generated_38].node[0] detecting wala_distro ...
2025-06-03 17:57:12.742[1928][DEBUG] lisa.env[generated_38].node[0] detecting hardware_platform ...
2025-06-03 17:57:12.743[1928][DEBUG] lisa.env[generated_38].node[0] detecting hardware_disk_controller_type ...
2025-06-03 17:57:12.743[1928][DEBUG] lisa.env[generated_38].node[0] error on collecting disk controller type: 'RemoteNode' object has no attribute 'features'
2025-06-03 17:57:12.743[1928][DEBUG] lisa.env[generated_38].node[0] detecting host_version ...
2025-06-03 17:57:12.743[1928][DEBUG] lisa.env[generated_38].node[0] detecting kernel_version ...
2025-06-03 17:57:12.743[1928][DEBUG] lisa.env[generated_38].node[0] detecting wala_version ...
2025-06-03 17:57:12.743[1928][DEBUG] lisa.env[generated_38].node[0] detecting wala_distro ...
2025-06-03 17:57:12.743[1928][DEBUG] lisa.env[generated_38].node[0] detecting hardware_platform ...
2025-06-03 17:57:12.743[1928][DEBUG] lisa.env[generated_38].node[0] detecting hardware_disk_controller_type ...
2025-06-03 17:57:12.743[1928][DEBUG] lisa.env[generated_38].node[0] error on collecting disk controller type: 'RemoteNode' object has no attribute 'features'
2025-06-03 17:57:12.743[1928][DEBUG] lisa.env[generated_38].node[0] detecting host_version ...
2025-06-03 17:57:12.743[1928][DEBUG] lisa.env[generated_38].node[0] detecting kernel_version ...
2025-06-03 17:57:12.743[1928][DEBUG] lisa.env[generated_38].node[0] detecting wala_version ...
2025-06-03 17:57:12.743[1928][DEBUG] lisa.env[generated_38].node[0] detecting wala_distro ...
2025-06-03 17:57:12.743[1928][DEBUG] lisa.env[generated_38].node[0] detecting hardware_platform ...
2025-06-03 17:57:12.743[1928][DEBUG] lisa.env[generated_38].node[0] detecting hardware_disk_controller_type ...
2025-06-03 17:57:12.743[1928][DEBUG] lisa.env[generated_38].node[0] error on collecting disk controller type: 'RemoteNode' object has no attribute 'features'
2025-06-03 17:57:12.743[1928][DEBUG] lisa.env[generated_38].node[0] detecting host_version ...
2025-06-03 17:57:12.743[1928][DEBUG] lisa.env[generated_38].node[0] detecting kernel_version ...
2025-06-03 17:57:12.743[1928][DEBUG] lisa.env[generated_38].node[0] detecting wala_version ...
2025-06-03 17:57:12.743[1928][DEBUG] lisa.env[generated_38].node[0] detecting wala_distro ...
2025-06-03 17:57:12.743[1928][DEBUG] lisa.env[generated_38].node[0] detecting hardware_platform ...
2025-06-03 17:57:12.743[1928][DEBUG] lisa.env[generated_38].node[0] detecting hardware_disk_controller_type ...
2025-06-03 17:57:12.743[1928][DEBUG] lisa.env[generated_38].node[0] error on collecting disk controller type: 'RemoteNode' object has no attribute 'features'
2025-06-03 17:57:12.743[1928][DEBUG] lisa.env[generated_38].node[0] detecting host_version ...
2025-06-03 17:57:12.743[1928][DEBUG] lisa.env[generated_38].node[0] detecting kernel_version ...
2025-06-03 17:57:12.743[1928][DEBUG] lisa.env[generated_38].node[0] detecting wala_version ...
2025-06-03 17:57:12.743[1928][DEBUG] lisa.env[generated_38].node[0] detecting wala_distro ...
2025-06-03 17:57:12.743[1928][DEBUG] lisa.env[generated_38].node[0] detecting hardware_platform ...
2025-06-03 17:57:12.743[1928][DEBUG] lisa.env[generated_38].node[0] detecting hardware_disk_controller_type ...
2025-06-03 17:57:12.743[1928][DEBUG] lisa.env[generated_38].node[0] error on collecting disk controller type: 'RemoteNode' object has no attribute 'features'
2025-06-03 17:57:12.743[1928][DEBUG] lisa.env[generated_38].node[0] detecting host_version ...
2025-06-03 17:57:12.743[1928][DEBUG] lisa.env[generated_38].node[0] detecting kernel_version ...
2025-06-03 17:57:12.743[1928][DEBUG] lisa.env[generated_38].node[0] detecting wala_version ...
2025-06-03 17:57:12.743[1928][DEBUG] lisa.env[generated_38].node[0] detecting wala_distro ...
2025-06-03 17:57:12.743[1928][DEBUG] lisa.env[generated_38].node[0] detecting hardware_platform ...
2025-06-03 17:57:12.743[1928][DEBUG] lisa.env[generated_38].node[0] detecting hardware_disk_controller_type ...
2025-06-03 17:57:12.743[1928][DEBUG] lisa.env[generated_38].node[0] error on collecting disk controller type: 'RemoteNode' object has no attribute 'features'
2025-06-03 17:57:12.743[1928][DEBUG] lisa.env[generated_38].node[0] detecting host_version ...
2025-06-03 17:57:12.743[1928][DEBUG] lisa.env[generated_38].node[0] detecting kernel_version ...
2025-06-03 17:57:12.743[1928][DEBUG] lisa.env[generated_38].node[0] detecting wala_version ...
2025-06-03 17:57:12.743[1928][DEBUG] lisa.env[generated_38].node[0] detecting wala_distro ...
2025-06-03 17:57:12.743[1928][DEBUG] lisa.env[generated_38].node[0] detecting hardware_platform ...
2025-06-03 17:57:12.743[1928][DEBUG] lisa.env[generated_38].node[0] detecting hardware_disk_controller_type ...
2025-06-03 17:57:12.747[1928][DEBUG] lisa.env[generated_38].node[0] error on collecting disk controller type: 'RemoteNode' object has no attribute 'features'
2025-06-03 17:57:12.747[1928][DEBUG] lisa.env[generated_38].node[0] detecting host_version ...
2025-06-03 17:57:12.747[1928][DEBUG] lisa.env[generated_38].node[0] detecting kernel_version ...
2025-06-03 17:57:12.747[1928][DEBUG] lisa.env[generated_38].node[0] detecting wala_version ...
2025-06-03 17:57:12.747[1928][DEBUG] lisa.env[generated_38].node[0] detecting wala_distro ...
2025-06-03 17:57:12.747[1928][DEBUG] lisa.env[generated_38].node[0] detecting hardware_platform ...
2025-06-03 17:57:12.747[1928][DEBUG] lisa.env[generated_38].node[0] detecting hardware_disk_controller_type ...
2025-06-03 17:57:12.747[1928][DEBUG] lisa.env[generated_38].node[0] error on collecting disk controller type: 'RemoteNode' object has no attribute 'features'
2025-06-03 17:57:12.747[1928][DEBUG] lisa.env[generated_38].node[0] detecting host_version ...
2025-06-03 17:57:12.747[1928][DEBUG] lisa.env[generated_38].node[0] detecting kernel_version ...
2025-06-03 17:57:12.747[1928][DEBUG] lisa.env[generated_38].node[0] detecting wala_version ...
2025-06-03 17:57:12.747[1928][DEBUG] lisa.env[generated_38].node[0] detecting wala_distro ...
2025-06-03 17:57:12.747[1928][DEBUG] lisa.env[generated_38].node[0] detecting hardware_platform ...
2025-06-03 17:57:12.747[1928][DEBUG] lisa.env[generated_38].node[0] detecting hardware_disk_controller_type ...
2025-06-03 17:57:12.747[1928][DEBUG] lisa.env[generated_38].node[0] error on collecting disk controller type: 'RemoteNode' object has no attribute 'features'
2025-06-03 17:57:12.747[1928][DEBUG] lisa.env[generated_38].node[0] detecting host_version ...
2025-06-03 17:57:12.747[1928][DEBUG] lisa.env[generated_38].node[0] detecting kernel_version ...
2025-06-03 17:57:12.747[1928][DEBUG] lisa.env[generated_38].node[0] detecting wala_version ...
2025-06-03 17:57:12.747[1928][DEBUG] lisa.env[generated_38].node[0] detecting wala_distro ...
2025-06-03 17:57:12.747[1928][DEBUG] lisa.env[generated_38].node[0] detecting hardware_platform ...
2025-06-03 17:57:12.747[1928][DEBUG] lisa.env[generated_38].node[0] detecting hardware_disk_controller_type ...
2025-06-03 17:57:12.747[1928][DEBUG] lisa.env[generated_38].node[0] error on collecting disk controller type: 'RemoteNode' object has no attribute 'features'
2025-06-03 17:57:12.747[1928][DEBUG] lisa.env[generated_38].node[0] detecting host_version ...
2025-06-03 17:57:12.747[1928][DEBUG] lisa.env[generated_38].node[0] detecting kernel_version ...
2025-06-03 17:57:12.747[1928][DEBUG] lisa.env[generated_38].node[0] detecting wala_version ...
2025-06-03 17:57:12.747[1928][DEBUG] lisa.env[generated_38].node[0] detecting wala_distro ...
2025-06-03 17:57:12.747[1928][DEBUG] lisa.env[generated_38].node[0] detecting hardware_platform ...
2025-06-03 17:57:12.747[1928][DEBUG] lisa.env[generated_38].node[0] detecting hardware_disk_controller_type ...
2025-06-03 17:57:12.747[1928][DEBUG] lisa.env[generated_38].node[0] error on collecting disk controller type: 'RemoteNode' object has no attribute 'features'
2025-06-03 17:57:12.747[1928][DEBUG] lisa.env[generated_38].node[0] detecting host_version ...
2025-06-03 17:57:12.747[1928][DEBUG] lisa.env[generated_38].node[0] detecting kernel_version ...
2025-06-03 17:57:12.747[1928][DEBUG] lisa.env[generated_38].node[0] detecting wala_version ...
2025-06-03 17:57:12.747[1928][DEBUG] lisa.env[generated_38].node[0] detecting wala_distro ...
2025-06-03 17:57:12.747[1928][DEBUG] lisa.env[generated_38].node[0] detecting hardware_platform ...
2025-06-03 17:57:12.747[1928][DEBUG] lisa.env[generated_38].node[0] detecting hardware_disk_controller_type ...
2025-06-03 17:57:12.747[1928][DEBUG] lisa.env[generated_38].node[0] error on collecting disk controller type: 'RemoteNode' object has no attribute 'features'
2025-06-03 17:57:12.747[1928][DEBUG] lisa.env[generated_38].node[0] detecting host_version ...
2025-06-03 17:57:12.747[1928][DEBUG] lisa.env[generated_38].node[0] detecting kernel_version ...
2025-06-03 17:57:12.747[1928][DEBUG] lisa.env[generated_38].node[0] detecting wala_version ...
2025-06-03 17:57:12.747[1928][DEBUG] lisa.env[generated_38].node[0] detecting wala_distro ...
2025-06-03 17:57:12.747[1928][DEBUG] lisa.env[generated_38].node[0] detecting hardware_platform ...
2025-06-03 17:57:12.747[1928][DEBUG] lisa.env[generated_38].node[0] detecting hardware_disk_controller_type ...
2025-06-03 17:57:12.747[1928][DEBUG] lisa.env[generated_38].node[0] error on collecting disk controller type: 'RemoteNode' object has no attribute 'features'
2025-06-03 17:57:12.747[1928][DEBUG] lisa.env[generated_38].node[0] detecting host_version ...
2025-06-03 17:57:12.747[1928][DEBUG] lisa.env[generated_38].node[0] detecting kernel_version ...
2025-06-03 17:57:12.747[1928][DEBUG] lisa.env[generated_38].node[0] detecting wala_version ...
2025-06-03 17:57:12.747[1928][DEBUG] lisa.env[generated_38].node[0] detecting wala_distro ...
2025-06-03 17:57:12.747[1928][DEBUG] lisa.env[generated_38].node[0] detecting hardware_platform ...
2025-06-03 17:57:12.747[1928][DEBUG] lisa.env[generated_38].node[0] detecting hardware_disk_controller_type ...
2025-06-03 17:57:12.747[1928][DEBUG] lisa.env[generated_38].node[0] error on collecting disk controller type: 'RemoteNode' object has no attribute 'features'
2025-06-03 17:57:12.747[1928][DEBUG] lisa.env[generated_38].node[0] detecting host_version ...
2025-06-03 17:57:12.747[1928][DEBUG] lisa.env[generated_38].node[0] detecting kernel_version ...
2025-06-03 17:57:12.747[1928][DEBUG] lisa.env[generated_38].node[0] detecting wala_version ...
2025-06-03 17:57:12.747[1928][DEBUG] lisa.env[generated_38].node[0] detecting wala_distro ...
2025-06-03 17:57:12.747[1928][DEBUG] lisa.env[generated_38].node[0] detecting hardware_platform ...
2025-06-03 17:57:12.747[1928][DEBUG] lisa.env[generated_38].node[0] detecting hardware_disk_controller_type ...
2025-06-03 17:57:12.747[1928][DEBUG] lisa.env[generated_38].node[0] error on collecting disk controller type: 'RemoteNode' object has no attribute 'features'
2025-06-03 17:57:12.747[1928][DEBUG] lisa.env[generated_38].node[0] detecting host_version ...
2025-06-03 17:57:12.747[1928][DEBUG] lisa.env[generated_38].node[0] detecting kernel_version ...
2025-06-03 17:57:12.747[1928][DEBUG] lisa.env[generated_38].node[0] detecting wala_version ...
2025-06-03 17:57:12.747[1928][DEBUG] lisa.env[generated_38].node[0] detecting wala_distro ...
2025-06-03 17:57:12.747[1928][DEBUG] lisa.env[generated_38].node[0] detecting hardware_platform ...
2025-06-03 17:57:12.747[1928][DEBUG] lisa.env[generated_38].node[0] detecting hardware_disk_controller_type ...
2025-06-03 17:57:12.747[1928][DEBUG] lisa.env[generated_38].node[0] error on collecting disk controller type: 'RemoteNode' object has no attribute 'features'
2025-06-03 17:57:12.747[1928][DEBUG] lisa.env[generated_38].node[0] detecting host_version ...
2025-06-03 17:57:12.747[1928][DEBUG] lisa.env[generated_38].node[0] detecting kernel_version ...
2025-06-03 17:57:12.747[1928][DEBUG] lisa.env[generated_38].node[0] detecting wala_version ...
2025-06-03 17:57:12.747[1928][DEBUG] lisa.env[generated_38].node[0] detecting wala_distro ...
2025-06-03 17:57:12.747[1928][DEBUG] lisa.env[generated_38].node[0] detecting hardware_platform ...
2025-06-03 17:57:12.747[1928][DEBUG] lisa.env[generated_38].node[0] detecting hardware_disk_controller_type ...
2025-06-03 17:57:12.747[1928][DEBUG] lisa.env[generated_38].node[0] error on collecting disk controller type: 'RemoteNode' object has no attribute 'features'
2025-06-03 17:57:12.747[1928][DEBUG] lisa.env[generated_38].node[0] detecting host_version ...
2025-06-03 17:57:12.747[1928][DEBUG] lisa.env[generated_38].node[0] detecting kernel_version ...
2025-06-03 17:57:12.747[1928][DEBUG] lisa.env[generated_38].node[0] detecting wala_version ...
2025-06-03 17:57:12.747[1928][DEBUG] lisa.env[generated_38].node[0] detecting wala_distro ...
2025-06-03 17:57:12.757[1928][DEBUG] lisa.env[generated_38].node[0] detecting hardware_platform ...
2025-06-03 17:57:12.757[1928][DEBUG] lisa.env[generated_38].node[0] detecting hardware_disk_controller_type ...
2025-06-03 17:57:12.757[1928][DEBUG] lisa.env[generated_38].node[0] error on collecting disk controller type: 'RemoteNode' object has no attribute 'features'
2025-06-03 17:57:12.757[1928][DEBUG] lisa.env[generated_38].node[0] detecting host_version ...
2025-06-03 17:57:12.757[1928][DEBUG] lisa.env[generated_38].node[0] detecting kernel_version ...
2025-06-03 17:57:12.757[1928][DEBUG] lisa.env[generated_38].node[0] detecting wala_version ...
2025-06-03 17:57:12.757[1928][DEBUG] lisa.env[generated_38].node[0] detecting wala_distro ...
2025-06-03 17:57:12.757[1928][DEBUG] lisa.env[generated_38].node[0] detecting hardware_platform ...
2025-06-03 17:57:12.757[1928][DEBUG] lisa.env[generated_38].node[0] detecting hardware_disk_controller_type ...
2025-06-03 17:57:12.757[1928][DEBUG] lisa.env[generated_38].node[0] error on collecting disk controller type: 'RemoteNode' object has no attribute 'features'
2025-06-03 17:57:12.757[1928][DEBUG] lisa.env[generated_38].node[0] detecting host_version ...
2025-06-03 17:57:12.757[1928][DEBUG] lisa.env[generated_38].node[0] detecting kernel_version ...
2025-06-03 17:57:12.757[1928][DEBUG] lisa.env[generated_38].node[0] detecting wala_version ...
2025-06-03 17:57:12.757[1928][DEBUG] lisa.env[generated_38].node[0] detecting wala_distro ...
2025-06-03 17:57:12.757[1928][DEBUG] lisa.env[generated_38].node[0] detecting hardware_platform ...
2025-06-03 17:57:12.757[1928][DEBUG] lisa.env[generated_38].node[0] detecting hardware_disk_controller_type ...
2025-06-03 17:57:12.757[1928][DEBUG] lisa.env[generated_38].node[0] error on collecting disk controller type: 'RemoteNode' object has no attribute 'features'
2025-06-03 17:57:12.757[1928][DEBUG] lisa.env[generated_38].node[0] detecting host_version ...
2025-06-03 17:57:12.757[1928][DEBUG] lisa.env[generated_38].node[0] detecting kernel_version ...
2025-06-03 17:57:12.757[1928][DEBUG] lisa.env[generated_38].node[0] detecting wala_version ...
2025-06-03 17:57:12.757[1928][DEBUG] lisa.env[generated_38].node[0] detecting wala_distro ...
2025-06-03 17:57:12.757[1928][DEBUG] lisa.env[generated_38].node[0] detecting hardware_platform ...
2025-06-03 17:57:12.757[1928][DEBUG] lisa.env[generated_38].node[0] detecting hardware_disk_controller_type ...
2025-06-03 17:57:12.757[1928][DEBUG] lisa.env[generated_38].node[0] error on collecting disk controller type: 'RemoteNode' object has no attribute 'features'
2025-06-03 17:57:12.757[1928][DEBUG] lisa.env[generated_38].node[0] detecting host_version ...
2025-06-03 17:57:12.757[1928][DEBUG] lisa.env[generated_38].node[0] detecting kernel_version ...
2025-06-03 17:57:12.757[1928][DEBUG] lisa.env[generated_38].node[0] detecting wala_version ...
2025-06-03 17:57:12.759[1928][DEBUG] lisa.env[generated_38].node[0] detecting wala_distro ...
2025-06-03 17:57:12.759[1928][DEBUG] lisa.env[generated_38].node[0] detecting hardware_platform ...
2025-06-03 17:57:12.759[1928][DEBUG] lisa.env[generated_38].node[0] detecting hardware_disk_controller_type ...
2025-06-03 17:57:12.759[1928][DEBUG] lisa.env[generated_38].node[0] error on collecting disk controller type: 'RemoteNode' object has no attribute 'features'
2025-06-03 17:57:12.759[1928][DEBUG] lisa.env[generated_38].node[0] detecting host_version ...
2025-06-03 17:57:12.759[1928][DEBUG] lisa.env[generated_38].node[0] detecting kernel_version ...
2025-06-03 17:57:12.759[1928][DEBUG] lisa.env[generated_38].node[0] detecting wala_version ...
2025-06-03 17:57:12.760[1928][DEBUG] lisa.env[generated_38].node[0] detecting wala_distro ...
2025-06-03 17:57:12.760[1928][DEBUG] lisa.env[generated_38].node[0] detecting hardware_platform ...
2025-06-03 17:57:12.760[1928][DEBUG] lisa.env[generated_38].node[0] detecting hardware_disk_controller_type ...
2025-06-03 17:57:12.760[1928][DEBUG] lisa.env[generated_38].node[0] error on collecting disk controller type: 'RemoteNode' object has no attribute 'features'
2025-06-03 17:57:12.760[1928][DEBUG] lisa.env[generated_38].node[0] detecting host_version ...
2025-06-03 17:57:12.770[1928][DEBUG] lisa.env[generated_38].node[0] detecting kernel_version ...
2025-06-03 17:57:12.770[1928][DEBUG] lisa.env[generated_38].node[0] detecting wala_version ...
2025-06-03 17:57:12.770[1928][DEBUG] lisa.env[generated_38].node[0] detecting wala_distro ...
2025-06-03 17:57:12.770[1928][DEBUG] lisa.env[generated_38].node[0] detecting hardware_platform ...
2025-06-03 17:57:12.770[1928][DEBUG] lisa.env[generated_38].node[0] detecting hardware_disk_controller_type ...
2025-06-03 17:57:12.775[1928][DEBUG] lisa.env[generated_38].node[0] error on collecting disk controller type: 'RemoteNode' object has no attribute 'features'
2025-06-03 17:57:12.775[1928][DEBUG] lisa.env[generated_38].node[0] detecting host_version ...
2025-06-03 17:57:12.775[1928][DEBUG] lisa.env[generated_38].node[0] detecting kernel_version ...
2025-06-03 17:57:12.775[1928][DEBUG] lisa.env[generated_38].node[0] detecting wala_version ...
2025-06-03 17:57:12.782[1928][DEBUG] lisa.env[generated_38].node[0] detecting wala_distro ...
2025-06-03 17:57:12.782[1928][DEBUG] lisa.env[generated_38].node[0] detecting hardware_platform ...
2025-06-03 17:57:12.782[1928][DEBUG] lisa.env[generated_38].node[0] detecting hardware_disk_controller_type ...
2025-06-03 17:57:12.782[1928][DEBUG] lisa.env[generated_38].node[0] error on collecting disk controller type: 'RemoteNode' object has no attribute 'features'
2025-06-03 17:57:12.782[1928][DEBUG] lisa.env[generated_38].node[0] detecting host_version ...
2025-06-03 17:57:12.782[1928][DEBUG] lisa.env[generated_38].node[0] detecting kernel_version ...
2025-06-03 17:57:12.791[1928][DEBUG] lisa.env[generated_38].node[0] detecting wala_version ...
2025-06-03 17:57:12.791[1928][DEBUG] lisa.env[generated_38].node[0] detecting wala_distro ...
2025-06-03 17:57:12.792[1928][DEBUG] lisa.env[generated_38].node[0] detecting hardware_platform ...
2025-06-03 17:57:12.793[1928][DEBUG] lisa.env[generated_38].node[0] detecting hardware_disk_controller_type ...
2025-06-03 17:57:12.793[1928][DEBUG] lisa.env[generated_38].node[0] error on collecting disk controller type: 'RemoteNode' object has no attribute 'features'
2025-06-03 17:57:12.793[1928][DEBUG] lisa.env[generated_38].node[0] detecting host_version ...
2025-06-03 17:57:12.793[1928][DEBUG] lisa.env[generated_38].node[0] detecting kernel_version ...
2025-06-03 17:57:12.793[1928][DEBUG] lisa.env[generated_38].node[0] detecting wala_version ...
2025-06-03 17:57:12.793[1928][DEBUG] lisa.env[generated_38].node[0] detecting wala_distro ...
2025-06-03 17:57:12.793[1928][DEBUG] lisa.env[generated_38].node[0] detecting hardware_platform ...
2025-06-03 17:57:12.793[1928][DEBUG] lisa.env[generated_38].node[0] detecting hardware_disk_controller_type ...
2025-06-03 17:57:12.793[1928][DEBUG] lisa.env[generated_38].node[0] error on collecting disk controller type: 'RemoteNode' object has no attribute 'features'
2025-06-03 17:57:12.793[1928][DEBUG] lisa.env[generated_38].node[0] detecting host_version ...
2025-06-03 17:57:12.793[1928][DEBUG] lisa.env[generated_38].node[0] detecting kernel_version ...
2025-06-03 17:57:12.793[1928][DEBUG] lisa.env[generated_38].node[0] detecting wala_version ...
2025-06-03 17:57:12.805[1928][DEBUG] lisa.env[generated_38].node[0] detecting wala_distro ...
2025-06-03 17:57:12.838[1928][DEBUG] lisa.env[generated_38].node[0] detecting hardware_platform ...
2025-06-03 17:57:12.838[1928][DEBUG] lisa.env[generated_38].node[0] detecting hardware_disk_controller_type ...
2025-06-03 17:57:12.838[1928][DEBUG] lisa.env[generated_38].node[0] error on collecting disk controller type: 'RemoteNode' object has no attribute 'features'
2025-06-03 17:57:12.838[1928][DEBUG] lisa.env[generated_38].node[0] detecting host_version ...
2025-06-03 17:57:12.854[1928][DEBUG] lisa.env[generated_38].node[0] detecting kernel_version ...
2025-06-03 17:57:12.854[1928][DEBUG] lisa.env[generated_38].node[0] detecting wala_version ...
2025-06-03 17:57:12.860[1928][DEBUG] lisa.env[generated_38].node[0] detecting wala_distro ...
2025-06-03 17:57:12.860[1928][DEBUG] lisa.env[generated_38].node[0] detecting hardware_platform ...
2025-06-03 17:57:12.860[1928][DEBUG] lisa.env[generated_38].node[0] detecting hardware_disk_controller_type ...
2025-06-03 17:57:12.860[1928][DEBUG] lisa.env[generated_38].node[0] error on collecting disk controller type: 'RemoteNode' object has no attribute 'features'
2025-06-03 17:57:12.860[1928][DEBUG] lisa.env[generated_38].node[0] detecting host_version ...
2025-06-03 17:57:12.860[1928][DEBUG] lisa.env[generated_38].node[0] detecting kernel_version ...
2025-06-03 17:57:12.872[1928][DEBUG] lisa.env[generated_38].node[0] detecting wala_version ...
2025-06-03 17:57:12.872[1928][DEBUG] lisa.env[generated_38].node[0] detecting wala_distro ...
2025-06-03 17:57:12.872[1928][DEBUG] lisa.env[generated_38].node[0] detecting hardware_platform ...
2025-06-03 17:57:12.872[1928][DEBUG] lisa.env[generated_38].node[0] detecting hardware_disk_controller_type ...
2025-06-03 17:57:12.872[1928][DEBUG] lisa.env[generated_38].node[0] error on collecting disk controller type: 'RemoteNode' object has no attribute 'features'
2025-06-03 17:57:12.872[1928][DEBUG] lisa.env[generated_38].node[0] detecting host_version ...
2025-06-03 17:57:12.872[1928][DEBUG] lisa.env[generated_38].node[0] detecting kernel_version ...
2025-06-03 17:57:12.872[1928][DEBUG] lisa.env[generated_38].node[0] detecting wala_version ...
2025-06-03 17:57:12.872[1928][DEBUG] lisa.env[generated_38].node[0] detecting wala_distro ...
2025-06-03 17:57:12.872[1928][DEBUG] lisa.env[generated_38].node[0] detecting hardware_platform ...
2025-06-03 17:57:12.872[1928][DEBUG] lisa.env[generated_38].node[0] detecting hardware_disk_controller_type ...
2025-06-03 17:57:12.872[1928][DEBUG] lisa.env[generated_38].node[0] error on collecting disk controller type: 'RemoteNode' object has no attribute 'features'
2025-06-03 17:57:12.872[1928][DEBUG] lisa.env[generated_38].node[0] detecting host_version ...
2025-06-03 17:57:12.882[1928][DEBUG] lisa.env[generated_38].node[0] detecting kernel_version ...
2025-06-03 17:57:12.882[1928][DEBUG] lisa.env[generated_38].node[0] detecting wala_version ...
2025-06-03 17:57:12.884[1928][DEBUG] lisa.env[generated_38].node[0] detecting wala_distro ...
2025-06-03 17:57:12.886[1928][DEBUG] lisa.env[generated_38].node[0] detecting hardware_platform ...
2025-06-03 17:57:12.886[1928][DEBUG] lisa.env[generated_38].node[0] detecting hardware_disk_controller_type ...
2025-06-03 17:57:12.895[1928][DEBUG] lisa.env[generated_38].node[0] error on collecting disk controller type: 'RemoteNode' object has no attribute 'features'
2025-06-03 17:57:12.895[1928][DEBUG] lisa.env[generated_38].node[0] detecting host_version ...
2025-06-03 17:57:12.898[1928][DEBUG] lisa.env[generated_38].node[0] detecting kernel_version ...
2025-06-03 17:57:12.898[1928][DEBUG] lisa.env[generated_38].node[0] detecting wala_version ...
2025-06-03 17:57:12.899[1928][DEBUG] lisa.env[generated_38].node[0] detecting wala_distro ...
2025-06-03 17:57:12.901[1928][DEBUG] lisa.env[generated_38].node[0] detecting hardware_platform ...
2025-06-03 17:57:12.901[1928][DEBUG] lisa.env[generated_38].node[0] detecting hardware_disk_controller_type ...
2025-06-03 17:57:12.901[1928][DEBUG] lisa.env[generated_38].node[0] error on collecting disk controller type: 'RemoteNode' object has no attribute 'features'
2025-06-03 17:57:12.901[1928][DEBUG] lisa.env[generated_38].node[0] detecting host_version ...
2025-06-03 17:57:12.901[1928][DEBUG] lisa.env[generated_38].node[0] detecting kernel_version ...
2025-06-03 17:57:12.901[1928][DEBUG] lisa.env[generated_38].node[0] detecting wala_version ...
2025-06-03 17:57:12.901[1928][DEBUG] lisa.env[generated_38].node[0] detecting wala_distro ...
2025-06-03 17:57:12.904[1928][DEBUG] lisa.env[generated_38].node[0] detecting hardware_platform ...
2025-06-03 17:57:12.904[1928][DEBUG] lisa.env[generated_38].node[0] detecting hardware_disk_controller_type ...
2025-06-03 17:57:12.904[1928][DEBUG] lisa.env[generated_38].node[0] error on collecting disk controller type: 'RemoteNode' object has no attribute 'features'
2025-06-03 17:57:12.904[1928][DEBUG] lisa.env[generated_38].node[0] detecting host_version ...
2025-06-03 17:57:12.908[1928][DEBUG] lisa.env[generated_38].node[0] detecting kernel_version ...
2025-06-03 17:57:12.910[1928][DEBUG] lisa.env[generated_38].node[0] detecting wala_version ...
2025-06-03 17:57:12.910[1928][DEBUG] lisa.env[generated_38].node[0] detecting wala_distro ...
2025-06-03 17:57:12.910[1928][DEBUG] lisa.env[generated_38].node[0] detecting hardware_platform ...
2025-06-03 17:57:12.910[1928][DEBUG] lisa.env[generated_38].node[0] detecting hardware_disk_controller_type ...
2025-06-03 17:57:12.910[1928][DEBUG] lisa.env[generated_38].node[0] error on collecting disk controller type: 'RemoteNode' object has no attribute 'features'
2025-06-03 17:57:12.910[1928][DEBUG] lisa.env[generated_38].node[0] detecting host_version ...
2025-06-03 17:57:12.910[1928][DEBUG] lisa.env[generated_38].node[0] detecting kernel_version ...
2025-06-03 17:57:12.910[1928][DEBUG] lisa.env[generated_38].node[0] detecting wala_version ...
2025-06-03 17:57:12.910[1928][DEBUG] lisa.env[generated_38].node[0] detecting wala_distro ...
2025-06-03 17:57:12.910[1928][DEBUG] lisa.env[generated_38].node[0] detecting hardware_platform ...
2025-06-03 17:57:12.910[1928][DEBUG] lisa.env[generated_38].node[0] detecting hardware_disk_controller_type ...
2025-06-03 17:57:12.918[1928][DEBUG] lisa.env[generated_38].node[0] error on collecting disk controller type: 'RemoteNode' object has no attribute 'features'
2025-06-03 17:57:12.918[1928][DEBUG] lisa.env[generated_38].node[0] detecting host_version ...
2025-06-03 17:57:12.921[1928][DEBUG] lisa.env[generated_38].node[0] detecting kernel_version ...
2025-06-03 17:57:12.921[1928][DEBUG] lisa.env[generated_38].node[0] detecting wala_version ...
2025-06-03 17:57:12.921[1928][DEBUG] lisa.env[generated_38].node[0] detecting wala_distro ...
2025-06-03 17:57:12.921[1928][DEBUG] lisa.env[generated_38].node[0] detecting hardware_platform ...
2025-06-03 17:57:12.921[1928][DEBUG] lisa.env[generated_38].node[0] detecting hardware_disk_controller_type ...
2025-06-03 17:57:12.921[1928][DEBUG] lisa.env[generated_38].node[0] error on collecting disk controller type: 'RemoteNode' object has no attribute 'features'
2025-06-03 17:57:12.921[1928][DEBUG] lisa.env[generated_38].node[0] detecting host_version ...
2025-06-03 17:57:12.921[1928][DEBUG] lisa.env[generated_38].node[0] detecting kernel_version ...
2025-06-03 17:57:12.921[1928][DEBUG] lisa.env[generated_38].node[0] detecting wala_version ...
2025-06-03 17:57:12.921[1928][DEBUG] lisa.env[generated_38].node[0] detecting wala_distro ...
2025-06-03 17:57:12.921[1928][DEBUG] lisa.env[generated_38].node[0] detecting hardware_platform ...
2025-06-03 17:57:12.921[1928][DEBUG] lisa.env[generated_38].node[0] detecting hardware_disk_controller_type ...
2025-06-03 17:57:12.921[1928][DEBUG] lisa.env[generated_38].node[0] error on collecting disk controller type: 'RemoteNode' object has no attribute 'features'
2025-06-03 17:57:12.921[1928][DEBUG] lisa.env[generated_38].node[0] detecting host_version ...
2025-06-03 17:57:12.921[1928][DEBUG] lisa.env[generated_38].node[0] detecting kernel_version ...
2025-06-03 17:57:12.921[1928][DEBUG] lisa.env[generated_38].node[0] detecting wala_version ...
2025-06-03 17:57:12.921[1928][DEBUG] lisa.env[generated_38].node[0] detecting wala_distro ...
2025-06-03 17:57:12.921[1928][DEBUG] lisa.env[generated_38].node[0] detecting hardware_platform ...
2025-06-03 17:57:12.921[1928][DEBUG] lisa.env[generated_38].node[0] detecting hardware_disk_controller_type ...
2025-06-03 17:57:12.921[1928][DEBUG] lisa.env[generated_38].node[0] error on collecting disk controller type: 'RemoteNode' object has no attribute 'features'
2025-06-03 17:57:12.921[1928][DEBUG] lisa.env[generated_38].node[0] detecting host_version ...
2025-06-03 17:57:12.921[1928][DEBUG] lisa.env[generated_38].node[0] detecting kernel_version ...
2025-06-03 17:57:12.921[1928][DEBUG] lisa.env[generated_38].node[0] detecting wala_version ...
2025-06-03 17:57:12.921[1928][DEBUG] lisa.env[generated_38].node[0] detecting wala_distro ...
2025-06-03 17:57:12.921[1928][DEBUG] lisa.env[generated_38].node[0] detecting hardware_platform ...
2025-06-03 17:57:12.921[1928][DEBUG] lisa.env[generated_38].node[0] detecting hardware_disk_controller_type ...
2025-06-03 17:57:12.921[1928][DEBUG] lisa.env[generated_38].node[0] error on collecting disk controller type: 'RemoteNode' object has no attribute 'features'
2025-06-03 17:57:12.921[1928][DEBUG] lisa.env[generated_38].node[0] detecting host_version ...
2025-06-03 17:57:12.921[1928][DEBUG] lisa.env[generated_38].node[0] detecting kernel_version ...
2025-06-03 17:57:12.921[1928][DEBUG] lisa.env[generated_38].node[0] detecting wala_version ...
2025-06-03 17:57:12.921[1928][DEBUG] lisa.env[generated_38].node[0] detecting wala_distro ...
2025-06-03 17:57:12.921[1928][DEBUG] lisa.env[generated_38].node[0] detecting hardware_platform ...
2025-06-03 17:57:12.921[1928][DEBUG] lisa.env[generated_38].node[0] detecting hardware_disk_controller_type ...
2025-06-03 17:57:12.921[1928][DEBUG] lisa.env[generated_38].node[0] error on collecting disk controller type: 'RemoteNode' object has no attribute 'features'
2025-06-03 17:57:12.921[1928][DEBUG] lisa.env[generated_38].node[0] detecting host_version ...
2025-06-03 17:57:12.921[1928][DEBUG] lisa.env[generated_38].node[0] detecting kernel_version ...
2025-06-03 17:57:12.921[1928][DEBUG] lisa.env[generated_38].node[0] detecting wala_version ...
2025-06-03 17:57:12.921[1928][DEBUG] lisa.env[generated_38].node[0] detecting wala_distro ...
2025-06-03 17:57:12.921[1928][DEBUG] lisa.env[generated_38].node[0] detecting hardware_platform ...
2025-06-03 17:57:12.921[1928][DEBUG] lisa.env[generated_38].node[0] detecting hardware_disk_controller_type ...
2025-06-03 17:57:12.921[1928][DEBUG] lisa.env[generated_38].node[0] error on collecting disk controller type: 'RemoteNode' object has no attribute 'features'
2025-06-03 17:57:12.921[1928][DEBUG] lisa.env[generated_38].node[0] detecting host_version ...
2025-06-03 17:57:12.921[1928][DEBUG] lisa.env[generated_38].node[0] detecting kernel_version ...
2025-06-03 17:57:12.921[1928][DEBUG] lisa.env[generated_38].node[0] detecting wala_version ...
2025-06-03 17:57:12.921[1928][DEBUG] lisa.env[generated_38].node[0] detecting wala_distro ...
2025-06-03 17:57:12.921[1928][DEBUG] lisa.env[generated_38].node[0] detecting hardware_platform ...
2025-06-03 17:57:12.921[1928][DEBUG] lisa.env[generated_38].node[0] detecting hardware_disk_controller_type ...
2025-06-03 17:57:12.921[1928][DEBUG] lisa.env[generated_38].node[0] error on collecting disk controller type: 'RemoteNode' object has no attribute 'features'
2025-06-03 17:57:12.921[1928][DEBUG] lisa.env[generated_38].node[0] detecting host_version ...
2025-06-03 17:57:12.921[1928][DEBUG] lisa.env[generated_38].node[0] detecting kernel_version ...
2025-06-03 17:57:12.921[1928][DEBUG] lisa.env[generated_38].node[0] detecting wala_version ...
2025-06-03 17:57:12.921[1928][DEBUG] lisa.env[generated_38].node[0] detecting wala_distro ...
2025-06-03 17:57:12.921[1928][DEBUG] lisa.env[generated_38].node[0] detecting hardware_platform ...
2025-06-03 17:57:12.921[1928][DEBUG] lisa.env[generated_38].node[0] detecting hardware_disk_controller_type ...
2025-06-03 17:57:12.921[1928][DEBUG] lisa.env[generated_38].node[0] error on collecting disk controller type: 'RemoteNode' object has no attribute 'features'
2025-06-03 17:57:12.921[1928][DEBUG] lisa.env[generated_38].node[0] detecting host_version ...
2025-06-03 17:57:12.921[1928][DEBUG] lisa.env[generated_38].node[0] detecting kernel_version ...
2025-06-03 17:57:12.921[1928][DEBUG] lisa.env[generated_38].node[0] detecting wala_version ...
2025-06-03 17:57:12.930[1928][DEBUG] lisa.env[generated_38].node[0] detecting wala_distro ...
2025-06-03 17:57:12.930[1928][DEBUG] lisa.env[generated_38].node[0] detecting hardware_platform ...
2025-06-03 17:57:12.933[1928][DEBUG] lisa.env[generated_38].node[0] detecting hardware_disk_controller_type ...
2025-06-03 17:57:12.933[1928][DEBUG] lisa.env[generated_38].node[0] error on collecting disk controller type: 'RemoteNode' object has no attribute 'features'
2025-06-03 17:57:12.933[1928][DEBUG] lisa.env[generated_38].node[0] detecting host_version ...
2025-06-03 17:57:12.933[1928][DEBUG] lisa.env[generated_38].node[0] detecting kernel_version ...
2025-06-03 17:57:12.933[1928][DEBUG] lisa.env[generated_38].node[0] detecting wala_version ...
2025-06-03 17:57:12.944[1928][DEBUG] lisa.env[generated_38].node[0] detecting wala_distro ...
2025-06-03 17:57:12.944[1928][DEBUG] lisa.env[generated_38].node[0] detecting hardware_platform ...
2025-06-03 17:57:12.944[1928][DEBUG] lisa.env[generated_38].node[0] detecting hardware_disk_controller_type ...
2025-06-03 17:57:12.944[1928][DEBUG] lisa.env[generated_38].node[0] error on collecting disk controller type: 'RemoteNode' object has no attribute 'features'
2025-06-03 17:57:12.944[1928][DEBUG] lisa.env[generated_38].node[0] detecting host_version ...
2025-06-03 17:57:12.944[1928][DEBUG] lisa.env[generated_38].node[0] detecting kernel_version ...
2025-06-03 17:57:12.944[1928][DEBUG] lisa.env[generated_38].node[0] detecting wala_version ...
2025-06-03 17:57:12.944[1928][DEBUG] lisa.env[generated_38].node[0] detecting wala_distro ...
2025-06-03 17:57:12.944[1928][DEBUG] lisa.env[generated_38].node[0] detecting hardware_platform ...
2025-06-03 17:57:12.944[1928][DEBUG] lisa.env[generated_38].node[0] detecting hardware_disk_controller_type ...
2025-06-03 17:57:12.949[1928][DEBUG] lisa.env[generated_38].node[0] error on collecting disk controller type: 'RemoteNode' object has no attribute 'features'
2025-06-03 17:57:12.949[1928][DEBUG] lisa.env[generated_38].node[0] detecting host_version ...
2025-06-03 17:57:12.952[1928][DEBUG] lisa.env[generated_38].node[0] detecting kernel_version ...
2025-06-03 17:57:12.955[1928][DEBUG] lisa.env[generated_38].node[0] detecting wala_version ...
2025-06-03 17:57:12.955[1928][DEBUG] lisa.env[generated_38].node[0] detecting wala_distro ...
2025-06-03 17:57:12.955[1928][DEBUG] lisa.env[generated_38].node[0] detecting hardware_platform ...
2025-06-03 17:57:12.955[1928][DEBUG] lisa.env[generated_38].node[0] detecting hardware_disk_controller_type ...
2025-06-03 17:57:12.955[1928][DEBUG] lisa.env[generated_38].node[0] error on collecting disk controller type: 'RemoteNode' object has no attribute 'features'
2025-06-03 17:57:12.955[1928][DEBUG] lisa.env[generated_38].node[0] detecting host_version ...
2025-06-03 17:57:12.964[1928][DEBUG] lisa.env[generated_38].node[0] detecting kernel_version ...
2025-06-03 17:57:12.964[1928][DEBUG] lisa.env[generated_38].node[0] detecting wala_version ...
2025-06-03 17:57:12.966[1928][DEBUG] lisa.env[generated_38].node[0] detecting wala_distro ...
2025-06-03 17:57:12.966[1928][DEBUG] lisa.env[generated_38].node[0] detecting hardware_platform ...
2025-06-03 17:57:12.966[1928][DEBUG] lisa.env[generated_38].node[0] detecting hardware_disk_controller_type ...
2025-06-03 17:57:12.966[1928][DEBUG] lisa.env[generated_38].node[0] error on collecting disk controller type: 'RemoteNode' object has no attribute 'features'
2025-06-03 17:57:12.975[1928][DEBUG] lisa.env[generated_38].node[0] detecting host_version ...
2025-06-03 17:57:12.975[1928][DEBUG] lisa.env[generated_38].node[0] detecting kernel_version ...
2025-06-03 17:57:12.975[1928][DEBUG] lisa.env[generated_38].node[0] detecting wala_version ...
2025-06-03 17:57:12.977[1928][DEBUG] lisa.env[generated_38].node[0] detecting wala_distro ...
2025-06-03 17:57:12.981[1928][DEBUG] lisa.env[generated_38].node[0] detecting hardware_platform ...
2025-06-03 17:57:12.981[1928][DEBUG] lisa.env[generated_38].node[0] detecting hardware_disk_controller_type ...
2025-06-03 17:57:12.981[1928][DEBUG] lisa.env[generated_38].node[0] error on collecting disk controller type: 'RemoteNode' object has no attribute 'features'
2025-06-03 17:57:12.981[1928][DEBUG] lisa.env[generated_38].node[0] detecting host_version ...
2025-06-03 17:57:12.981[1928][DEBUG] lisa.env[generated_38].node[0] detecting kernel_version ...
2025-06-03 17:57:12.981[1928][DEBUG] lisa.env[generated_38].node[0] detecting wala_version ...
2025-06-03 17:57:12.986[1928][DEBUG] lisa.env[generated_38].node[0] detecting wala_distro ...
2025-06-03 17:57:12.986[1928][DEBUG] lisa.env[generated_38].node[0] detecting hardware_platform ...
2025-06-03 17:57:12.989[1928][DEBUG] lisa.env[generated_38].node[0] detecting hardware_disk_controller_type ...
2025-06-03 17:57:12.989[1928][DEBUG] lisa.env[generated_38].node[0] error on collecting disk controller type: 'RemoteNode' object has no attribute 'features'
2025-06-03 17:57:12.989[1928][DEBUG] lisa.env[generated_38].node[0] detecting host_version ...
2025-06-03 17:57:12.989[1928][DEBUG] lisa.env[generated_38].node[0] detecting kernel_version ...
2025-06-03 17:57:12.989[1928][DEBUG] lisa.env[generated_38].node[0] detecting wala_version ...
2025-06-03 17:57:12.989[1928][DEBUG] lisa.env[generated_38].node[0] detecting wala_distro ...
2025-06-03 17:57:12.989[1928][DEBUG] lisa.env[generated_38].node[0] detecting hardware_platform ...
2025-06-03 17:57:12.989[1928][DEBUG] lisa.env[generated_38].node[0] detecting hardware_disk_controller_type ...
2025-06-03 17:57:12.989[1928][DEBUG] lisa.env[generated_38].node[0] error on collecting disk controller type: 'RemoteNode' object has no attribute 'features'
2025-06-03 17:57:12.989[1928][DEBUG] lisa.env[generated_38].node[0] detecting host_version ...
2025-06-03 17:57:12.997[1928][DEBUG] lisa.env[generated_38].node[0] detecting kernel_version ...
2025-06-03 17:57:12.997[1928][DEBUG] lisa.env[generated_38].node[0] detecting wala_version ...
2025-06-03 17:57:12.997[1928][DEBUG] lisa.env[generated_38].node[0] detecting wala_distro ...
2025-06-03 17:57:12.997[1928][DEBUG] lisa.env[generated_38].node[0] detecting hardware_platform ...
2025-06-03 17:57:12.997[1928][DEBUG] lisa.env[generated_38].node[0] detecting hardware_disk_controller_type ...
2025-06-03 17:57:12.998[1928][DEBUG] lisa.env[generated_38].node[0] error on collecting disk controller type: 'RemoteNode' object has no attribute 'features'
2025-06-03 17:57:12.998[1928][DEBUG] lisa.env[generated_38].node[0] detecting host_version ...
2025-06-03 17:57:13.001[1928][DEBUG] lisa.env[generated_38].node[0] detecting kernel_version ...
2025-06-03 17:57:13.001[1928][DEBUG] lisa.env[generated_38].node[0] detecting wala_version ...
2025-06-03 17:57:13.001[1928][DEBUG] lisa.env[generated_38].node[0] detecting wala_distro ...
2025-06-03 17:57:13.001[1928][DEBUG] lisa.env[generated_38].node[0] detecting hardware_platform ...
2025-06-03 17:57:13.001[1928][DEBUG] lisa.env[generated_38].node[0] detecting hardware_disk_controller_type ...
2025-06-03 17:57:13.001[1928][DEBUG] lisa.env[generated_38].node[0] error on collecting disk controller type: 'RemoteNode' object has no attribute 'features'
2025-06-03 17:57:13.001[1928][DEBUG] lisa.env[generated_38].node[0] detecting host_version ...
2025-06-03 17:57:13.001[1928][DEBUG] lisa.env[generated_38].node[0] detecting kernel_version ...
2025-06-03 17:57:13.001[1928][DEBUG] lisa.env[generated_38].node[0] detecting wala_version ...
2025-06-03 17:57:13.001[1928][DEBUG] lisa.env[generated_38].node[0] detecting wala_distro ...
2025-06-03 17:57:13.001[1928][DEBUG] lisa.env[generated_38].node[0] detecting hardware_platform ...
2025-06-03 17:57:13.001[1928][DEBUG] lisa.env[generated_38].node[0] detecting hardware_disk_controller_type ...
2025-06-03 17:57:13.001[1928][DEBUG] lisa.env[generated_38].node[0] error on collecting disk controller type: 'RemoteNode' object has no attribute 'features'
2025-06-03 17:57:13.001[1928][DEBUG] lisa.env[generated_38].node[0] detecting host_version ...
2025-06-03 17:57:13.009[1928][DEBUG] lisa.env[generated_38].node[0] detecting kernel_version ...
2025-06-03 17:57:13.009[1928][DEBUG] lisa.env[generated_38].node[0] detecting wala_version ...
2025-06-03 17:57:13.012[1928][DEBUG] lisa.env[generated_38].node[0] detecting wala_distro ...
2025-06-03 17:57:13.012[1928][DEBUG] lisa.env[generated_38].node[0] detecting hardware_platform ...
2025-06-03 17:57:13.013[1928][DEBUG] lisa.env[generated_38].node[0] detecting hardware_disk_controller_type ...
2025-06-03 17:57:13.013[1928][DEBUG] lisa.env[generated_38].node[0] error on collecting disk controller type: 'RemoteNode' object has no attribute 'features'
2025-06-03 17:57:13.013[1928][DEBUG] lisa.env[generated_38].node[0] detecting host_version ...
2025-06-03 17:57:13.013[1928][DEBUG] lisa.env[generated_38].node[0] detecting kernel_version ...
2025-06-03 17:57:13.013[1928][DEBUG] lisa.env[generated_38].node[0] detecting wala_version ...
2025-06-03 17:57:13.013[1928][DEBUG] lisa.env[generated_38].node[0] detecting wala_distro ...
2025-06-03 17:57:13.013[1928][DEBUG] lisa.env[generated_38].node[0] detecting hardware_platform ...
2025-06-03 17:57:13.013[1928][DEBUG] lisa.env[generated_38].node[0] detecting hardware_disk_controller_type ...
2025-06-03 17:57:13.013[1928][DEBUG] lisa.env[generated_38].node[0] error on collecting disk controller type: 'RemoteNode' object has no attribute 'features'
2025-06-03 17:57:13.013[1928][DEBUG] lisa.env[generated_38].node[0] detecting host_version ...
2025-06-03 17:57:13.020[1928][DEBUG] lisa.env[generated_38].node[0] detecting kernel_version ...
2025-06-03 17:57:13.022[1928][DEBUG] lisa.env[generated_38].node[0] detecting wala_version ...
2025-06-03 17:57:13.022[1928][DEBUG] lisa.env[generated_38].node[0] detecting wala_distro ...
2025-06-03 17:57:13.022[1928][DEBUG] lisa.env[generated_38].node[0] detecting hardware_platform ...
2025-06-03 17:57:13.022[1928][DEBUG] lisa.env[generated_38].node[0] detecting hardware_disk_controller_type ...
2025-06-03 17:57:13.022[1928][DEBUG] lisa.env[generated_38].node[0] error on collecting disk controller type: 'RemoteNode' object has no attribute 'features'
2025-06-03 17:57:13.022[1928][DEBUG] lisa.env[generated_38].node[0] detecting host_version ...
2025-06-03 17:57:13.022[1928][DEBUG] lisa.env[generated_38].node[0] detecting kernel_version ...
2025-06-03 17:57:13.022[1928][DEBUG] lisa.env[generated_38].node[0] detecting wala_version ...
2025-06-03 17:57:13.022[1928][DEBUG] lisa.env[generated_38].node[0] detecting wala_distro ...
2025-06-03 17:57:13.022[1928][DEBUG] lisa.env[generated_38].node[0] detecting hardware_platform ...
